<?xml version="1.0" encoding="UTF-8"?>
<testng-results ignored="0" total="1" passed="1" failed="0" skipped="0">
  <reporter-output>
  </reporter-output>
  <suite started-at="2023-08-01T16:43:57 IST" name="Default suite" finished-at="2023-08-01T16:44:10 IST" duration-ms="12927">
    <groups>
    </groups>
    <test started-at="2023-08-01T16:43:57 IST" name="Default test" finished-at="2023-08-01T16:44:10 IST" duration-ms="12927">
      <class name="seleniumProject.ExtentReport">
        <test-method is-config="true" signature="config()[pri:0, instance:seleniumProject.ExtentReport@38cee291]" started-at="2023-08-01T16:43:57 IST" name="config" finished-at="2023-08-01T16:43:57 IST" duration-ms="498" status="PASS">
          <reporter-output>
          </reporter-output>
        </test-method> <!-- config -->
        <test-method signature="initialDemo()[pri:0, instance:seleniumProject.ExtentReport@38cee291]" started-at="2023-08-01T16:43:57 IST" name="initialDemo" finished-at="2023-08-01T16:44:10 IST" duration-ms="12385" status="PASS">
          <reporter-output>
          </reporter-output>
        </test-method> <!-- initialDemo -->
      </class> <!-- seleniumProject.ExtentReport -->
    </test> <!-- Default test -->
  </suite> <!-- Default suite -->
</testng-results>
